2020-08-16T17:15:41.095Z extension.ts INFO  activate extension called []

2020-08-16T17:15:41.098Z telemetry INFO  TELEMETRY key received [ 'string' ]

2020-08-16T17:15:41.099Z LanguageServerController INFO  Creating MongoDB Language Server [
  {
    serverOptions: { run: [Object], debug: [Object] },
    clientOptions: {
      documentSelector: [Array],
      synchronize: [Object],
      outputChannel: [Object]
    }
  }
]

2020-08-16T17:15:41.101Z editors controller INFO  activating... []

2020-08-16T17:15:41.102Z editors controller INFO  activated. []

2020-08-16T17:15:41.102Z explorer controller INFO  activate explorer controller []

2020-08-16T17:15:41.104Z commands INFO  Registering commands... []

2020-08-16T17:15:41.105Z commands INFO  Registered commands. []

2020-08-16T17:15:41.105Z extension.ts INFO  extension activated []

2020-08-16T17:19:24.756Z connection controller INFO  Disconnect called, currently connected to: [ null ]

2020-08-16T17:19:24.759Z connection controller INFO  Disconnect called, currently connected to: [ null ]

