[2020-08-16 13:51:33.130] [sharedprocess] [info] main {"machineId":"12844d7fce3c92bfa5ccdbf513b2a523b8fcd140053c42cf9c9d6a09ae28d296","windowId":2}
[2020-08-16 13:51:33.228] [sharedprocess] [error] [File Watcher (node.js)] Error: ENOENT: no such file or directory, stat '/opt/lampp/htdocs/symfoBanque/~vscode-root/User/snippets'
[2020-08-16 13:51:33.956] [sharedprocess] [info] Deleted from disk ms-vscode.vscode-typescript-next /home/immanuwel/.vscode/extensions/ms-vscode.vscode-typescript-next-4.1.20200813
[2020-08-16 13:52:13.169] [sharedprocess] [info] Starting to clean up unused language packs.
[2020-08-16 13:58:18.963] [sharedprocess] [info] Installing extension: digitalbrainstem.javascript-ejs-support
[2020-08-16 13:58:19.647] [sharedprocess] [info] Downloaded extension: digitalbrainstem.javascript-ejs-support /opt/lampp/htdocs/symfoBanque/~vscode-root/CachedExtensionVSIXs/digitalbrainstem.javascript-ejs-support-1.3.1
[2020-08-16 13:58:19.686] [sharedprocess] [info] Extracted extension to /home/immanuwel/.vscode/extensions/.digitalbrainstem.javascript-ejs-support-1.3.1: digitalbrainstem.javascript-ejs-support
[2020-08-16 13:58:19.686] [sharedprocess] [info] Renamed to /home/immanuwel/.vscode/extensions/digitalbrainstem.javascript-ejs-support-1.3.1
[2020-08-16 13:58:19.686] [sharedprocess] [info] Installation completed. digitalbrainstem.javascript-ejs-support
[2020-08-16 13:58:19.714] [sharedprocess] [info] Extensions installed successfully: digitalbrainstem.javascript-ejs-support
[2020-08-16 13:58:20.135] [sharedprocess] [info] Installing extension: taodongwu.ejs-snippets
[2020-08-16 13:58:20.651] [sharedprocess] [info] Downloaded extension: taodongwu.ejs-snippets /opt/lampp/htdocs/symfoBanque/~vscode-root/CachedExtensionVSIXs/taodongwu.ejs-snippets-0.1.0
[2020-08-16 13:58:20.677] [sharedprocess] [info] Extracted extension to /home/immanuwel/.vscode/extensions/.taodongwu.ejs-snippets-0.1.0: taodongwu.ejs-snippets
[2020-08-16 13:58:20.677] [sharedprocess] [info] Renamed to /home/immanuwel/.vscode/extensions/taodongwu.ejs-snippets-0.1.0
[2020-08-16 13:58:20.678] [sharedprocess] [info] Installation completed. taodongwu.ejs-snippets
[2020-08-16 13:58:20.697] [sharedprocess] [info] Extensions installed successfully: taodongwu.ejs-snippets
[2020-08-16 13:58:21.493] [sharedprocess] [info] Installing extension: theran.ejs-snippets
[2020-08-16 13:58:21.958] [sharedprocess] [info] Downloaded extension: theran.ejs-snippets /opt/lampp/htdocs/symfoBanque/~vscode-root/CachedExtensionVSIXs/theran.ejs-snippets-0.7.0
[2020-08-16 13:58:21.972] [sharedprocess] [info] Extracted extension to /home/immanuwel/.vscode/extensions/.theran.ejs-snippets-0.7.0: theran.ejs-snippets
[2020-08-16 13:58:21.972] [sharedprocess] [info] Renamed to /home/immanuwel/.vscode/extensions/theran.ejs-snippets-0.7.0
[2020-08-16 13:58:21.973] [sharedprocess] [info] Installation completed. theran.ejs-snippets
[2020-08-16 13:58:21.984] [sharedprocess] [info] Extensions installed successfully: theran.ejs-snippets
